Connecting to database specified by database.yml
Connecting to database specified by database.yml
Starting the New Relic Agent.
NewRelic Agent Developer Mode enabled.
To view performance information, go to http://localhost:5000/newrelic
Installed New Relic Browser Monitoring middleware
Starting the New Relic Agent.
NewRelic Agent Developer Mode enabled.
To view performance information, go to http://localhost:3000/newrelic
Installed New Relic Browser Monitoring middleware
Connecting to database specified by database.yml
Connecting to database specified by database.yml
Starting the New Relic Agent.
NewRelic Agent Developer Mode enabled.
To view performance information, go to http://localhost:5000/newrelic
Installed New Relic Browser Monitoring middleware
Starting the New Relic Agent.
NewRelic Agent Developer Mode enabled.
To view performance information, go to http://localhost:3000/newrelic
Installed New Relic Browser Monitoring middleware
Connecting to database specified by database.yml
Connecting to database specified by database.yml
Starting the New Relic Agent.
NewRelic Agent Developer Mode enabled.
To view performance information, go to http://localhost:5000/newrelic
Installed New Relic Browser Monitoring middleware
Starting the New Relic Agent.
NewRelic Agent Developer Mode enabled.
To view performance information, go to http://localhost:3000/newrelic
Installed New Relic Browser Monitoring middleware
